<?xml version="1.0" encoding="UTF-8"?>
<!-- Generated by org.testng.reporters.JUnitReportReporter -->
<testsuite hostname="DESKTOP-3MMKTFA" failures="0" tests="1" name="testScripts.HomeTest" time="21.810" errors="0" timestamp="2024-12-18T21:53:02 IST" skipped="0">
  <testcase classname="testScripts.HomeTest" name="verifyTheUserIsAbleToLogOut" time="21.810"/>
</testsuite> <!-- testScripts.HomeTest -->
