<?xml version="1.0" encoding="UTF-8"?>
<!-- Generated by org.testng.reporters.JUnitReportReporter -->
<testsuite hostname="DESKTOP-3MMKTFA" failures="0" tests="2" name="testScripts.LoginTest" time="46.712" errors="0" timestamp="2024-12-19T09:23:01 IST" skipped="0">
  <testcase classname="testScripts.LoginTest" name="verifyTheUserIsAbleToLoginUsingValidCredentials" time="23.492"/>
  <testcase classname="testScripts.LoginTest" name="verifyTheUserIsAbleToLoginUsingValidCredentials" time="23.220"/>
</testsuite> <!-- testScripts.LoginTest -->
