<?xml version="1.0" encoding="UTF-8"?>
<!-- Generated by org.testng.reporters.JUnitReportReporter -->
<testsuite hostname="DESKTOP-3MMKTFA" failures="0" tests="1" name="testScripts.LoginTest" time="19.690" errors="0" timestamp="2024-12-10T20:53:52 IST" skipped="0">
  <testcase classname="testScripts.LoginTest" name="verifyTheUserIsAbleToLoginUsingValidCredentials" time="19.690"/>
</testsuite> <!-- testScripts.LoginTest -->
